1745369769.689019 client started (52932): version 3.5a, socket /tmp/tmux-1000/default, protocol 8
1745369769.689066 on Linux 6.14.2-300.fc42.x86_64 #1 SMP PREEMPT_DYNAMIC Thu Apr 10 21:50:55 UTC 2025
1745369769.689081 using libevent 2.1.12-stable poll
1745369769.689087 using ncurses 6.5 20240629
1745369769.689108 flags are 0x18010000
1745369769.689130 socket is /tmp/tmux-1000/default
1745369769.689159 trying connect
1745369769.689184 connect failed: Connection refused
1745369769.689199 lock file is /tmp/tmux-1000/default.lock
1745369769.689238 flock succeeded
1745369769.689244 got lock (6)
1745369769.689258 trying connect
1745369769.689270 connect failed: Connection refused
1745369769.689648 add peer 0x55cfa80582d0: 7 ((nil))
1745369769.690297 sending message 111 to peer 0x55cfa80582d0 (8 bytes)
1745369769.690317 sending message 111 to peer 0x55cfa80582d0 (8 bytes)
1745369769.690327 sending message 101 to peer 0x55cfa80582d0 (15 bytes)
1745369769.690334 sending message 109 to peer 0x55cfa80582d0 (4 bytes)
1745369769.690341 sending message 102 to peer 0x55cfa80582d0 (11 bytes)
1745369769.690348 sending message 108 to peer 0x55cfa80582d0 (32 bytes)
1745369769.690356 sending message 112 to peer 0x55cfa80582d0 (58 bytes)
1745369769.690364 sending message 112 to peer 0x55cfa80582d0 (5 bytes)
1745369769.690371 sending message 112 to peer 0x55cfa80582d0 (5 bytes)
1745369769.690377 sending message 112 to peer 0x55cfa80582d0 (6 bytes)
1745369769.690384 sending message 112 to peer 0x55cfa80582d0 (6 bytes)
1745369769.690391 sending message 112 to peer 0x55cfa80582d0 (11 bytes)
1745369769.690398 sending message 112 to peer 0x55cfa80582d0 (10 bytes)
1745369769.690404 sending message 112 to peer 0x55cfa80582d0 (13 bytes)
1745369769.690411 sending message 112 to peer 0x55cfa80582d0 (14 bytes)
1745369769.690419 sending message 112 to peer 0x55cfa80582d0 (19 bytes)
1745369769.690426 sending message 112 to peer 0x55cfa80582d0 (11 bytes)
1745369769.690433 sending message 112 to peer 0x55cfa80582d0 (10 bytes)
1745369769.690440 sending message 112 to peer 0x55cfa80582d0 (15 bytes)
1745369769.690447 sending message 112 to peer 0x55cfa80582d0 (21 bytes)
1745369769.690454 sending message 112 to peer 0x55cfa80582d0 (13 bytes)
1745369769.690461 sending message 112 to peer 0x55cfa80582d0 (7 bytes)
1745369769.690468 sending message 112 to peer 0x55cfa80582d0 (13 bytes)
1745369769.690475 sending message 112 to peer 0x55cfa80582d0 (7 bytes)
1745369769.690481 sending message 112 to peer 0x55cfa80582d0 (13 bytes)
1745369769.690488 sending message 112 to peer 0x55cfa80582d0 (9 bytes)
1745369769.690495 sending message 112 to peer 0x55cfa80582d0 (21 bytes)
1745369769.690503 sending message 112 to peer 0x55cfa80582d0 (13 bytes)
1745369769.690510 sending message 112 to peer 0x55cfa80582d0 (9 bytes)
1745369769.690517 sending message 112 to peer 0x55cfa80582d0 (16 bytes)
1745369769.690524 sending message 112 to peer 0x55cfa80582d0 (13 bytes)
1745369769.690532 sending message 112 to peer 0x55cfa80582d0 (9 bytes)
1745369769.690539 sending message 112 to peer 0x55cfa80582d0 (9 bytes)
1745369769.690546 sending message 112 to peer 0x55cfa80582d0 (12 bytes)
1745369769.690553 sending message 112 to peer 0x55cfa80582d0 (8 bytes)
1745369769.690560 sending message 112 to peer 0x55cfa80582d0 (8 bytes)
1745369769.690568 sending message 112 to peer 0x55cfa80582d0 (13 bytes)
1745369769.690575 sending message 112 to peer 0x55cfa80582d0 (7 bytes)
1745369769.690583 sending message 112 to peer 0x55cfa80582d0 (7 bytes)
1745369769.690590 sending message 112 to peer 0x55cfa80582d0 (9 bytes)
1745369769.690597 sending message 112 to peer 0x55cfa80582d0 (9 bytes)
1745369769.690604 sending message 112 to peer 0x55cfa80582d0 (15 bytes)
1745369769.690612 sending message 112 to peer 0x55cfa80582d0 (13 bytes)
1745369769.690620 sending message 112 to peer 0x55cfa80582d0 (12 bytes)
1745369769.690628 sending message 112 to peer 0x55cfa80582d0 (8 bytes)
1745369769.690636 sending message 112 to peer 0x55cfa80582d0 (14 bytes)
1745369769.690644 sending message 112 to peer 0x55cfa80582d0 (11 bytes)
1745369769.690663 sending message 112 to peer 0x55cfa80582d0 (9 bytes)
1745369769.690680 sending message 112 to peer 0x55cfa80582d0 (10 bytes)
1745369769.690688 sending message 112 to peer 0x55cfa80582d0 (10 bytes)
1745369769.690697 sending message 112 to peer 0x55cfa80582d0 (10 bytes)
1745369769.690704 sending message 112 to peer 0x55cfa80582d0 (10 bytes)
1745369769.690712 sending message 112 to peer 0x55cfa80582d0 (11 bytes)
1745369769.690720 sending message 112 to peer 0x55cfa80582d0 (12 bytes)
1745369769.690728 sending message 112 to peer 0x55cfa80582d0 (12 bytes)
1745369769.690735 sending message 112 to peer 0x55cfa80582d0 (12 bytes)
1745369769.690743 sending message 112 to peer 0x55cfa80582d0 (12 bytes)
1745369769.690751 sending message 112 to peer 0x55cfa80582d0 (12 bytes)
1745369769.690759 sending message 112 to peer 0x55cfa80582d0 (11 bytes)
1745369769.690766 sending message 112 to peer 0x55cfa80582d0 (11 bytes)
1745369769.690775 sending message 112 to peer 0x55cfa80582d0 (12 bytes)
1745369769.690782 sending message 112 to peer 0x55cfa80582d0 (12 bytes)
1745369769.690790 sending message 112 to peer 0x55cfa80582d0 (12 bytes)
1745369769.690798 sending message 112 to peer 0x55cfa80582d0 (12 bytes)
1745369769.690805 sending message 112 to peer 0x55cfa80582d0 (12 bytes)
1745369769.690813 sending message 112 to peer 0x55cfa80582d0 (9 bytes)
1745369769.690821 sending message 112 to peer 0x55cfa80582d0 (12 bytes)
1745369769.690828 sending message 112 to peer 0x55cfa80582d0 (13 bytes)
1745369769.690836 sending message 112 to peer 0x55cfa80582d0 (13 bytes)
1745369769.690844 sending message 112 to peer 0x55cfa80582d0 (13 bytes)
1745369769.690852 sending message 112 to peer 0x55cfa80582d0 (13 bytes)
1745369769.690860 sending message 112 to peer 0x55cfa80582d0 (13 bytes)
1745369769.690867 sending message 112 to peer 0x55cfa80582d0 (8 bytes)
1745369769.690875 sending message 112 to peer 0x55cfa80582d0 (11 bytes)
1745369769.690883 sending message 112 to peer 0x55cfa80582d0 (11 bytes)
1745369769.690890 sending message 112 to peer 0x55cfa80582d0 (11 bytes)
1745369769.690898 sending message 112 to peer 0x55cfa80582d0 (12 bytes)
1745369769.690905 sending message 112 to peer 0x55cfa80582d0 (12 bytes)
1745369769.690913 sending message 112 to peer 0x55cfa80582d0 (12 bytes)
1745369769.690920 sending message 112 to peer 0x55cfa80582d0 (12 bytes)
1745369769.690929 sending message 112 to peer 0x55cfa80582d0 (13 bytes)
1745369769.690936 sending message 112 to peer 0x55cfa80582d0 (13 bytes)
1745369769.690944 sending message 112 to peer 0x55cfa80582d0 (13 bytes)
1745369769.690952 sending message 112 to peer 0x55cfa80582d0 (8 bytes)
1745369769.690960 sending message 112 to peer 0x55cfa80582d0 (13 bytes)
1745369769.690968 sending message 112 to peer 0x55cfa80582d0 (13 bytes)
1745369769.690976 sending message 112 to peer 0x55cfa80582d0 (13 bytes)
1745369769.690984 sending message 112 to peer 0x55cfa80582d0 (13 bytes)
1745369769.690992 sending message 112 to peer 0x55cfa80582d0 (13 bytes)
1745369769.690999 sending message 112 to peer 0x55cfa80582d0 (12 bytes)
1745369769.691018 sending message 112 to peer 0x55cfa80582d0 (12 bytes)
1745369769.691027 sending message 112 to peer 0x55cfa80582d0 (12 bytes)
1745369769.691035 sending message 112 to peer 0x55cfa80582d0 (12 bytes)
1745369769.691042 sending message 112 to peer 0x55cfa80582d0 (13 bytes)
1745369769.691050 sending message 112 to peer 0x55cfa80582d0 (8 bytes)
1745369769.691058 sending message 112 to peer 0x55cfa80582d0 (13 bytes)
1745369769.691066 sending message 112 to peer 0x55cfa80582d0 (13 bytes)
1745369769.691073 sending message 112 to peer 0x55cfa80582d0 (13 bytes)
1745369769.691081 sending message 112 to peer 0x55cfa80582d0 (13 bytes)
1745369769.691089 sending message 112 to peer 0x55cfa80582d0 (13 bytes)
1745369769.691097 sending message 112 to peer 0x55cfa80582d0 (13 bytes)
1745369769.691104 sending message 112 to peer 0x55cfa80582d0 (13 bytes)
1745369769.691112 sending message 112 to peer 0x55cfa80582d0 (12 bytes)
1745369769.691120 sending message 112 to peer 0x55cfa80582d0 (12 bytes)
1745369769.691134 sending message 112 to peer 0x55cfa80582d0 (12 bytes)
1745369769.691146 sending message 112 to peer 0x55cfa80582d0 (8 bytes)
1745369769.691154 sending message 112 to peer 0x55cfa80582d0 (12 bytes)
1745369769.691162 sending message 112 to peer 0x55cfa80582d0 (13 bytes)
1745369769.691169 sending message 112 to peer 0x55cfa80582d0 (13 bytes)
1745369769.691176 sending message 112 to peer 0x55cfa80582d0 (13 bytes)
1745369769.691184 sending message 112 to peer 0x55cfa80582d0 (13 bytes)
1745369769.691191 sending message 112 to peer 0x55cfa80582d0 (13 bytes)
1745369769.691198 sending message 112 to peer 0x55cfa80582d0 (13 bytes)
1745369769.691206 sending message 112 to peer 0x55cfa80582d0 (13 bytes)
1745369769.691213 sending message 112 to peer 0x55cfa80582d0 (13 bytes)
1745369769.691221 sending message 112 to peer 0x55cfa80582d0 (12 bytes)
1745369769.691228 sending message 112 to peer 0x55cfa80582d0 (10 bytes)
1745369769.691236 sending message 112 to peer 0x55cfa80582d0 (12 bytes)
1745369769.691243 sending message 112 to peer 0x55cfa80582d0 (12 bytes)
1745369769.691251 sending message 112 to peer 0x55cfa80582d0 (12 bytes)
1745369769.691259 sending message 112 to peer 0x55cfa80582d0 (13 bytes)
1745369769.691268 sending message 112 to peer 0x55cfa80582d0 (13 bytes)
1745369769.691278 sending message 112 to peer 0x55cfa80582d0 (13 bytes)
1745369769.691285 sending message 112 to peer 0x55cfa80582d0 (13 bytes)
1745369769.691293 sending message 112 to peer 0x55cfa80582d0 (13 bytes)
1745369769.691301 sending message 112 to peer 0x55cfa80582d0 (13 bytes)
1745369769.691309 sending message 112 to peer 0x55cfa80582d0 (13 bytes)
1745369769.691316 sending message 112 to peer 0x55cfa80582d0 (10 bytes)
1745369769.691324 sending message 112 to peer 0x55cfa80582d0 (13 bytes)
1745369769.691331 sending message 112 to peer 0x55cfa80582d0 (12 bytes)
1745369769.691339 sending message 112 to peer 0x55cfa80582d0 (12 bytes)
1745369769.691347 sending message 112 to peer 0x55cfa80582d0 (12 bytes)
1745369769.691355 sending message 112 to peer 0x55cfa80582d0 (10 bytes)
1745369769.691363 sending message 112 to peer 0x55cfa80582d0 (10 bytes)
1745369769.691371 sending message 112 to peer 0x55cfa80582d0 (10 bytes)
1745369769.691379 sending message 112 to peer 0x55cfa80582d0 (12 bytes)
1745369769.691386 sending message 112 to peer 0x55cfa80582d0 (13 bytes)
1745369769.691394 sending message 112 to peer 0x55cfa80582d0 (13 bytes)
1745369769.691402 sending message 112 to peer 0x55cfa80582d0 (13 bytes)
1745369769.691410 sending message 112 to peer 0x55cfa80582d0 (13 bytes)
1745369769.691418 sending message 112 to peer 0x55cfa80582d0 (13 bytes)
1745369769.691426 sending message 112 to peer 0x55cfa80582d0 (10 bytes)
1745369769.691434 sending message 112 to peer 0x55cfa80582d0 (11 bytes)
1745369769.691442 sending message 112 to peer 0x55cfa80582d0 (12 bytes)
1745369769.691449 sending message 112 to peer 0x55cfa80582d0 (12 bytes)
1745369769.691457 sending message 112 to peer 0x55cfa80582d0 (12 bytes)
1745369769.691464 sending message 112 to peer 0x55cfa80582d0 (12 bytes)
1745369769.691472 sending message 112 to peer 0x55cfa80582d0 (12 bytes)
1745369769.691479 sending message 112 to peer 0x55cfa80582d0 (11 bytes)
1745369769.691486 sending message 112 to peer 0x55cfa80582d0 (12 bytes)
1745369769.691494 sending message 112 to peer 0x55cfa80582d0 (12 bytes)
1745369769.691501 sending message 112 to peer 0x55cfa80582d0 (13 bytes)
1745369769.691508 sending message 112 to peer 0x55cfa80582d0 (13 bytes)
1745369769.691515 sending message 112 to peer 0x55cfa80582d0 (13 bytes)
1745369769.691522 sending message 112 to peer 0x55cfa80582d0 (13 bytes)
1745369769.691529 sending message 112 to peer 0x55cfa80582d0 (13 bytes)
1745369769.691536 sending message 112 to peer 0x55cfa80582d0 (10 bytes)
1745369769.691543 sending message 112 to peer 0x55cfa80582d0 (9 bytes)
1745369769.691550 sending message 112 to peer 0x55cfa80582d0 (12 bytes)
1745369769.691557 sending message 112 to peer 0x55cfa80582d0 (13 bytes)
1745369769.691564 sending message 112 to peer 0x55cfa80582d0 (13 bytes)
1745369769.691578 sending message 112 to peer 0x55cfa80582d0 (13 bytes)
1745369769.691590 sending message 112 to peer 0x55cfa80582d0 (13 bytes)
1745369769.691598 sending message 112 to peer 0x55cfa80582d0 (13 bytes)
1745369769.691605 sending message 112 to peer 0x55cfa80582d0 (9 bytes)
1745369769.691612 sending message 112 to peer 0x55cfa80582d0 (12 bytes)
1745369769.691619 sending message 112 to peer 0x55cfa80582d0 (13 bytes)
1745369769.691627 sending message 112 to peer 0x55cfa80582d0 (13 bytes)
1745369769.691634 sending message 112 to peer 0x55cfa80582d0 (13 bytes)
1745369769.691641 sending message 112 to peer 0x55cfa80582d0 (13 bytes)
1745369769.691648 sending message 112 to peer 0x55cfa80582d0 (13 bytes)
1745369769.691656 sending message 112 to peer 0x55cfa80582d0 (11 bytes)
1745369769.691663 sending message 112 to peer 0x55cfa80582d0 (12 bytes)
1745369769.691671 sending message 112 to peer 0x55cfa80582d0 (13 bytes)
1745369769.691678 sending message 112 to peer 0x55cfa80582d0 (13 bytes)
1745369769.691685 sending message 112 to peer 0x55cfa80582d0 (13 bytes)
1745369769.691692 sending message 112 to peer 0x55cfa80582d0 (13 bytes)
1745369769.691699 sending message 112 to peer 0x55cfa80582d0 (13 bytes)
1745369769.691706 sending message 112 to peer 0x55cfa80582d0 (11 bytes)
1745369769.691714 sending message 112 to peer 0x55cfa80582d0 (12 bytes)
1745369769.691721 sending message 112 to peer 0x55cfa80582d0 (12 bytes)
1745369769.691728 sending message 112 to peer 0x55cfa80582d0 (12 bytes)
1745369769.691735 sending message 112 to peer 0x55cfa80582d0 (12 bytes)
1745369769.691742 sending message 112 to peer 0x55cfa80582d0 (12 bytes)
1745369769.691750 sending message 112 to peer 0x55cfa80582d0 (21 bytes)
1745369769.691757 sending message 112 to peer 0x55cfa80582d0 (12 bytes)
1745369769.691764 sending message 112 to peer 0x55cfa80582d0 (9 bytes)
1745369769.691771 sending message 112 to peer 0x55cfa80582d0 (6 bytes)
1745369769.691779 sending message 112 to peer 0x55cfa80582d0 (13 bytes)
1745369769.691786 sending message 112 to peer 0x55cfa80582d0 (10 bytes)
1745369769.691793 sending message 112 to peer 0x55cfa80582d0 (24 bytes)
1745369769.691801 sending message 112 to peer 0x55cfa80582d0 (13 bytes)
1745369769.691808 sending message 112 to peer 0x55cfa80582d0 (9 bytes)
1745369769.691815 sending message 112 to peer 0x55cfa80582d0 (70 bytes)
1745369769.691822 sending message 112 to peer 0x55cfa80582d0 (69 bytes)
1745369769.691833 sending message 112 to peer 0x55cfa80582d0 (12 bytes)
1745369769.691841 sending message 112 to peer 0x55cfa80582d0 (10 bytes)
1745369769.691849 sending message 112 to peer 0x55cfa80582d0 (10 bytes)
1745369769.691856 sending message 112 to peer 0x55cfa80582d0 (24 bytes)
1745369769.691864 sending message 112 to peer 0x55cfa80582d0 (13 bytes)
1745369769.691871 sending message 112 to peer 0x55cfa80582d0 (10 bytes)
1745369769.691879 sending message 112 to peer 0x55cfa80582d0 (10 bytes)
1745369769.691886 sending message 112 to peer 0x55cfa80582d0 (10 bytes)
1745369769.691893 sending message 112 to peer 0x55cfa80582d0 (13 bytes)
1745369769.691900 sending message 112 to peer 0x55cfa80582d0 (15 bytes)
1745369769.691907 sending message 112 to peer 0x55cfa80582d0 (5 bytes)
1745369769.691916 sending message 104 to peer 0x55cfa80582d0 (0 bytes)
1745369769.691924 sending message 110 to peer 0x55cfa80582d0 (0 bytes)
1745369769.691932 sending message 107 to peer 0x55cfa80582d0 (4 bytes)
1745369769.691940 sending message 105 to peer 0x55cfa80582d0 (16 bytes)
1745369769.691947 sending message 105 to peer 0x55cfa80582d0 (80 bytes)
1745369769.691954 sending message 105 to peer 0x55cfa80582d0 (20 bytes)
1745369769.691962 sending message 105 to peer 0x55cfa80582d0 (68 bytes)
1745369769.691970 sending message 105 to peer 0x55cfa80582d0 (23 bytes)
1745369769.691977 sending message 105 to peer 0x55cfa80582d0 (23 bytes)
1745369769.691984 sending message 105 to peer 0x55cfa80582d0 (48 bytes)
1745369769.691992 sending message 105 to peer 0x55cfa80582d0 (22 bytes)
1745369769.691999 sending message 105 to peer 0x55cfa80582d0 (14 bytes)
1745369769.692020 sending message 105 to peer 0x55cfa80582d0 (41 bytes)
1745369769.692032 sending message 105 to peer 0x55cfa80582d0 (51 bytes)
1745369769.692039 sending message 105 to peer 0x55cfa80582d0 (20 bytes)
1745369769.692047 sending message 105 to peer 0x55cfa80582d0 (22 bytes)
1745369769.692054 sending message 105 to peer 0x55cfa80582d0 (19 bytes)
1745369769.692061 sending message 105 to peer 0x55cfa80582d0 (21 bytes)
1745369769.692068 sending message 105 to peer 0x55cfa80582d0 (36 bytes)
1745369769.692076 sending message 105 to peer 0x55cfa80582d0 (26 bytes)
1745369769.692083 sending message 105 to peer 0x55cfa80582d0 (21 bytes)
1745369769.692090 sending message 105 to peer 0x55cfa80582d0 (25 bytes)
1745369769.692098 sending message 105 to peer 0x55cfa80582d0 (23 bytes)
1745369769.692105 sending message 105 to peer 0x55cfa80582d0 (54 bytes)
1745369769.692112 sending message 105 to peer 0x55cfa80582d0 (21 bytes)
1745369769.692120 sending message 105 to peer 0x55cfa80582d0 (24 bytes)
1745369769.692127 sending message 105 to peer 0x55cfa80582d0 (22 bytes)
1745369769.692134 sending message 105 to peer 0x55cfa80582d0 (17 bytes)
1745369769.692142 sending message 105 to peer 0x55cfa80582d0 (1911 bytes)
1745369769.692167 sending message 105 to peer 0x55cfa80582d0 (26 bytes)
1745369769.692176 sending message 105 to peer 0x55cfa80582d0 (145 bytes)
1745369769.692183 sending message 105 to peer 0x55cfa80582d0 (17 bytes)
1745369769.692190 sending message 105 to peer 0x55cfa80582d0 (26 bytes)
1745369769.692197 sending message 105 to peer 0x55cfa80582d0 (47 bytes)
1745369769.692204 sending message 105 to peer 0x55cfa80582d0 (16 bytes)
1745369769.692211 sending message 105 to peer 0x55cfa80582d0 (32 bytes)
1745369769.692219 sending message 105 to peer 0x55cfa80582d0 (73 bytes)
1745369769.692226 sending message 105 to peer 0x55cfa80582d0 (23 bytes)
1745369769.692233 sending message 105 to peer 0x55cfa80582d0 (23 bytes)
1745369769.692241 sending message 105 to peer 0x55cfa80582d0 (20 bytes)
1745369769.692249 sending message 105 to peer 0x55cfa80582d0 (35 bytes)
1745369769.692256 sending message 105 to peer 0x55cfa80582d0 (18 bytes)
1745369769.692263 sending message 105 to peer 0x55cfa80582d0 (11 bytes)
1745369769.692270 sending message 105 to peer 0x55cfa80582d0 (8 bytes)
1745369769.692278 sending message 105 to peer 0x55cfa80582d0 (14 bytes)
1745369769.692285 sending message 105 to peer 0x55cfa80582d0 (18 bytes)
1745369769.692292 sending message 105 to peer 0x55cfa80582d0 (31 bytes)
1745369769.692299 sending message 105 to peer 0x55cfa80582d0 (55 bytes)
1745369769.692307 sending message 105 to peer 0x55cfa80582d0 (40 bytes)
1745369769.692314 sending message 105 to peer 0x55cfa80582d0 (24 bytes)
1745369769.692322 sending message 105 to peer 0x55cfa80582d0 (129 bytes)
1745369769.692329 sending message 105 to peer 0x55cfa80582d0 (149 bytes)
1745369769.692337 sending message 105 to peer 0x55cfa80582d0 (17 bytes)
1745369769.692344 sending message 105 to peer 0x55cfa80582d0 (54 bytes)
1745369769.692352 sending message 105 to peer 0x55cfa80582d0 (59 bytes)
1745369769.692356 sending message 105 to peer 0x55cfa80582d0 (34 bytes)
1745369769.692360 sending message 105 to peer 0x55cfa80582d0 (20 bytes)
1745369769.692364 sending message 105 to peer 0x55cfa80582d0 (37 bytes)
1745369769.692369 sending message 105 to peer 0x55cfa80582d0 (23 bytes)
1745369769.692373 sending message 105 to peer 0x55cfa80582d0 (16 bytes)
1745369769.692377 sending message 105 to peer 0x55cfa80582d0 (26 bytes)
1745369769.692381 sending message 106 to peer 0x55cfa80582d0 (0 bytes)
1745369769.692430 sending message 200 to peer 0x55cfa80582d0 (4 bytes)
1745369769.692435 client loop enter
1745369769.692452 client_signal: Child exited
1745369769.742272 peer 0x55cfa80582d0 message 207
1745369769.742286 sending message 208 to peer 0x55cfa80582d0 (0 bytes)
1745369769.744732 peer 0x55cfa80582d0 message 203
1745369769.744743 sending message 205 to peer 0x55cfa80582d0 (0 bytes)
1745369769.744950 peer 0x55cfa80582d0 message 204
1745369769.744958 client loop exit
