1745369764.901640 client started (52919): version 3.5a, socket /tmp/tmux-1000/default, protocol 8
1745369764.901678 on Linux 6.14.2-300.fc42.x86_64 #1 SMP PREEMPT_DYNAMIC Thu Apr 10 21:50:55 UTC 2025
1745369764.901692 using libevent 2.1.12-stable poll
1745369764.901698 using ncurses 6.5 20240629
1745369764.901719 flags are 0x18010000
1745369764.901740 socket is /tmp/tmux-1000/default
1745369764.901764 trying connect
1745369764.901889 connect failed: Connection refused
1745369764.901902 lock file is /tmp/tmux-1000/default.lock
1745369764.901960 flock succeeded
1745369764.901967 got lock (6)
1745369764.901981 trying connect
1745369764.901994 connect failed: Connection refused
1745369764.902338 add peer 0x562621e5e2d0: 7 ((nil))
1745369764.903086 sending message 111 to peer 0x562621e5e2d0 (8 bytes)
1745369764.903112 sending message 111 to peer 0x562621e5e2d0 (8 bytes)
1745369764.903122 sending message 101 to peer 0x562621e5e2d0 (15 bytes)
1745369764.903128 sending message 109 to peer 0x562621e5e2d0 (4 bytes)
1745369764.903135 sending message 102 to peer 0x562621e5e2d0 (11 bytes)
1745369764.903141 sending message 108 to peer 0x562621e5e2d0 (32 bytes)
1745369764.903148 sending message 112 to peer 0x562621e5e2d0 (58 bytes)
1745369764.903155 sending message 112 to peer 0x562621e5e2d0 (5 bytes)
1745369764.903161 sending message 112 to peer 0x562621e5e2d0 (5 bytes)
1745369764.903167 sending message 112 to peer 0x562621e5e2d0 (6 bytes)
1745369764.903173 sending message 112 to peer 0x562621e5e2d0 (6 bytes)
1745369764.903179 sending message 112 to peer 0x562621e5e2d0 (11 bytes)
1745369764.903185 sending message 112 to peer 0x562621e5e2d0 (10 bytes)
1745369764.903191 sending message 112 to peer 0x562621e5e2d0 (13 bytes)
1745369764.903198 sending message 112 to peer 0x562621e5e2d0 (14 bytes)
1745369764.903204 sending message 112 to peer 0x562621e5e2d0 (19 bytes)
1745369764.903210 sending message 112 to peer 0x562621e5e2d0 (11 bytes)
1745369764.903217 sending message 112 to peer 0x562621e5e2d0 (10 bytes)
1745369764.903223 sending message 112 to peer 0x562621e5e2d0 (15 bytes)
1745369764.903229 sending message 112 to peer 0x562621e5e2d0 (21 bytes)
1745369764.903235 sending message 112 to peer 0x562621e5e2d0 (13 bytes)
1745369764.903242 sending message 112 to peer 0x562621e5e2d0 (7 bytes)
1745369764.903248 sending message 112 to peer 0x562621e5e2d0 (13 bytes)
1745369764.903254 sending message 112 to peer 0x562621e5e2d0 (7 bytes)
1745369764.903260 sending message 112 to peer 0x562621e5e2d0 (13 bytes)
1745369764.903266 sending message 112 to peer 0x562621e5e2d0 (9 bytes)
1745369764.903272 sending message 112 to peer 0x562621e5e2d0 (21 bytes)
1745369764.903277 sending message 112 to peer 0x562621e5e2d0 (13 bytes)
1745369764.903284 sending message 112 to peer 0x562621e5e2d0 (9 bytes)
1745369764.903290 sending message 112 to peer 0x562621e5e2d0 (16 bytes)
1745369764.903295 sending message 112 to peer 0x562621e5e2d0 (13 bytes)
1745369764.903302 sending message 112 to peer 0x562621e5e2d0 (9 bytes)
1745369764.903308 sending message 112 to peer 0x562621e5e2d0 (9 bytes)
1745369764.903314 sending message 112 to peer 0x562621e5e2d0 (12 bytes)
1745369764.903320 sending message 112 to peer 0x562621e5e2d0 (8 bytes)
1745369764.903327 sending message 112 to peer 0x562621e5e2d0 (8 bytes)
1745369764.903333 sending message 112 to peer 0x562621e5e2d0 (13 bytes)
1745369764.903339 sending message 112 to peer 0x562621e5e2d0 (7 bytes)
1745369764.903346 sending message 112 to peer 0x562621e5e2d0 (7 bytes)
1745369764.903351 sending message 112 to peer 0x562621e5e2d0 (9 bytes)
1745369764.903357 sending message 112 to peer 0x562621e5e2d0 (9 bytes)
1745369764.903363 sending message 112 to peer 0x562621e5e2d0 (15 bytes)
1745369764.903370 sending message 112 to peer 0x562621e5e2d0 (13 bytes)
1745369764.903376 sending message 112 to peer 0x562621e5e2d0 (12 bytes)
1745369764.903382 sending message 112 to peer 0x562621e5e2d0 (8 bytes)
1745369764.903388 sending message 112 to peer 0x562621e5e2d0 (14 bytes)
1745369764.903394 sending message 112 to peer 0x562621e5e2d0 (11 bytes)
1745369764.903413 sending message 112 to peer 0x562621e5e2d0 (9 bytes)
1745369764.903431 sending message 112 to peer 0x562621e5e2d0 (10 bytes)
1745369764.903437 sending message 112 to peer 0x562621e5e2d0 (10 bytes)
1745369764.903443 sending message 112 to peer 0x562621e5e2d0 (10 bytes)
1745369764.903449 sending message 112 to peer 0x562621e5e2d0 (10 bytes)
1745369764.903454 sending message 112 to peer 0x562621e5e2d0 (11 bytes)
1745369764.903460 sending message 112 to peer 0x562621e5e2d0 (12 bytes)
1745369764.903466 sending message 112 to peer 0x562621e5e2d0 (12 bytes)
1745369764.903472 sending message 112 to peer 0x562621e5e2d0 (12 bytes)
1745369764.903478 sending message 112 to peer 0x562621e5e2d0 (12 bytes)
1745369764.903484 sending message 112 to peer 0x562621e5e2d0 (12 bytes)
1745369764.903489 sending message 112 to peer 0x562621e5e2d0 (11 bytes)
1745369764.903495 sending message 112 to peer 0x562621e5e2d0 (11 bytes)
1745369764.903501 sending message 112 to peer 0x562621e5e2d0 (12 bytes)
1745369764.903507 sending message 112 to peer 0x562621e5e2d0 (12 bytes)
1745369764.903513 sending message 112 to peer 0x562621e5e2d0 (12 bytes)
1745369764.903518 sending message 112 to peer 0x562621e5e2d0 (12 bytes)
1745369764.903524 sending message 112 to peer 0x562621e5e2d0 (12 bytes)
1745369764.903530 sending message 112 to peer 0x562621e5e2d0 (9 bytes)
1745369764.903536 sending message 112 to peer 0x562621e5e2d0 (12 bytes)
1745369764.903542 sending message 112 to peer 0x562621e5e2d0 (13 bytes)
1745369764.903547 sending message 112 to peer 0x562621e5e2d0 (13 bytes)
1745369764.903553 sending message 112 to peer 0x562621e5e2d0 (13 bytes)
1745369764.903559 sending message 112 to peer 0x562621e5e2d0 (13 bytes)
1745369764.903565 sending message 112 to peer 0x562621e5e2d0 (13 bytes)
1745369764.903570 sending message 112 to peer 0x562621e5e2d0 (8 bytes)
1745369764.903576 sending message 112 to peer 0x562621e5e2d0 (11 bytes)
1745369764.903582 sending message 112 to peer 0x562621e5e2d0 (11 bytes)
1745369764.903587 sending message 112 to peer 0x562621e5e2d0 (11 bytes)
1745369764.903593 sending message 112 to peer 0x562621e5e2d0 (12 bytes)
1745369764.903599 sending message 112 to peer 0x562621e5e2d0 (12 bytes)
1745369764.903604 sending message 112 to peer 0x562621e5e2d0 (12 bytes)
1745369764.903610 sending message 112 to peer 0x562621e5e2d0 (12 bytes)
1745369764.903616 sending message 112 to peer 0x562621e5e2d0 (13 bytes)
1745369764.903622 sending message 112 to peer 0x562621e5e2d0 (13 bytes)
1745369764.903628 sending message 112 to peer 0x562621e5e2d0 (13 bytes)
1745369764.903634 sending message 112 to peer 0x562621e5e2d0 (8 bytes)
1745369764.903639 sending message 112 to peer 0x562621e5e2d0 (13 bytes)
1745369764.903645 sending message 112 to peer 0x562621e5e2d0 (13 bytes)
1745369764.903651 sending message 112 to peer 0x562621e5e2d0 (13 bytes)
1745369764.903657 sending message 112 to peer 0x562621e5e2d0 (13 bytes)
1745369764.903662 sending message 112 to peer 0x562621e5e2d0 (13 bytes)
1745369764.903668 sending message 112 to peer 0x562621e5e2d0 (12 bytes)
1745369764.903674 sending message 112 to peer 0x562621e5e2d0 (12 bytes)
1745369764.903680 sending message 112 to peer 0x562621e5e2d0 (12 bytes)
1745369764.903686 sending message 112 to peer 0x562621e5e2d0 (12 bytes)
1745369764.903692 sending message 112 to peer 0x562621e5e2d0 (13 bytes)
1745369764.903698 sending message 112 to peer 0x562621e5e2d0 (8 bytes)
1745369764.903704 sending message 112 to peer 0x562621e5e2d0 (13 bytes)
1745369764.903710 sending message 112 to peer 0x562621e5e2d0 (13 bytes)
1745369764.903716 sending message 112 to peer 0x562621e5e2d0 (13 bytes)
1745369764.903721 sending message 112 to peer 0x562621e5e2d0 (13 bytes)
1745369764.903727 sending message 112 to peer 0x562621e5e2d0 (13 bytes)
1745369764.903733 sending message 112 to peer 0x562621e5e2d0 (13 bytes)
1745369764.903739 sending message 112 to peer 0x562621e5e2d0 (13 bytes)
1745369764.903745 sending message 112 to peer 0x562621e5e2d0 (12 bytes)
1745369764.903750 sending message 112 to peer 0x562621e5e2d0 (12 bytes)
1745369764.903762 sending message 112 to peer 0x562621e5e2d0 (12 bytes)
1745369764.903773 sending message 112 to peer 0x562621e5e2d0 (8 bytes)
1745369764.903778 sending message 112 to peer 0x562621e5e2d0 (12 bytes)
1745369764.903784 sending message 112 to peer 0x562621e5e2d0 (13 bytes)
1745369764.903790 sending message 112 to peer 0x562621e5e2d0 (13 bytes)
1745369764.903796 sending message 112 to peer 0x562621e5e2d0 (13 bytes)
1745369764.903802 sending message 112 to peer 0x562621e5e2d0 (13 bytes)
1745369764.903807 sending message 112 to peer 0x562621e5e2d0 (13 bytes)
1745369764.903813 sending message 112 to peer 0x562621e5e2d0 (13 bytes)
1745369764.903819 sending message 112 to peer 0x562621e5e2d0 (13 bytes)
1745369764.903825 sending message 112 to peer 0x562621e5e2d0 (13 bytes)
1745369764.903830 sending message 112 to peer 0x562621e5e2d0 (12 bytes)
1745369764.903836 sending message 112 to peer 0x562621e5e2d0 (10 bytes)
1745369764.903842 sending message 112 to peer 0x562621e5e2d0 (12 bytes)
1745369764.903848 sending message 112 to peer 0x562621e5e2d0 (12 bytes)
1745369764.903853 sending message 112 to peer 0x562621e5e2d0 (12 bytes)
1745369764.903859 sending message 112 to peer 0x562621e5e2d0 (13 bytes)
1745369764.903865 sending message 112 to peer 0x562621e5e2d0 (13 bytes)
1745369764.903870 sending message 112 to peer 0x562621e5e2d0 (13 bytes)
1745369764.903876 sending message 112 to peer 0x562621e5e2d0 (13 bytes)
1745369764.903881 sending message 112 to peer 0x562621e5e2d0 (13 bytes)
1745369764.903887 sending message 112 to peer 0x562621e5e2d0 (13 bytes)
1745369764.903893 sending message 112 to peer 0x562621e5e2d0 (13 bytes)
1745369764.903898 sending message 112 to peer 0x562621e5e2d0 (10 bytes)
1745369764.903904 sending message 112 to peer 0x562621e5e2d0 (13 bytes)
1745369764.903910 sending message 112 to peer 0x562621e5e2d0 (12 bytes)
1745369764.903915 sending message 112 to peer 0x562621e5e2d0 (12 bytes)
1745369764.903921 sending message 112 to peer 0x562621e5e2d0 (12 bytes)
1745369764.903926 sending message 112 to peer 0x562621e5e2d0 (10 bytes)
1745369764.903932 sending message 112 to peer 0x562621e5e2d0 (10 bytes)
1745369764.903938 sending message 112 to peer 0x562621e5e2d0 (10 bytes)
1745369764.903943 sending message 112 to peer 0x562621e5e2d0 (12 bytes)
1745369764.903949 sending message 112 to peer 0x562621e5e2d0 (13 bytes)
1745369764.903955 sending message 112 to peer 0x562621e5e2d0 (13 bytes)
1745369764.903960 sending message 112 to peer 0x562621e5e2d0 (13 bytes)
1745369764.903966 sending message 112 to peer 0x562621e5e2d0 (13 bytes)
1745369764.903972 sending message 112 to peer 0x562621e5e2d0 (13 bytes)
1745369764.903977 sending message 112 to peer 0x562621e5e2d0 (10 bytes)
1745369764.903983 sending message 112 to peer 0x562621e5e2d0 (11 bytes)
1745369764.903988 sending message 112 to peer 0x562621e5e2d0 (12 bytes)
1745369764.903994 sending message 112 to peer 0x562621e5e2d0 (12 bytes)
1745369764.904000 sending message 112 to peer 0x562621e5e2d0 (12 bytes)
1745369764.904017 sending message 112 to peer 0x562621e5e2d0 (12 bytes)
1745369764.904024 sending message 112 to peer 0x562621e5e2d0 (12 bytes)
1745369764.904029 sending message 112 to peer 0x562621e5e2d0 (11 bytes)
1745369764.904035 sending message 112 to peer 0x562621e5e2d0 (12 bytes)
1745369764.904041 sending message 112 to peer 0x562621e5e2d0 (12 bytes)
1745369764.904047 sending message 112 to peer 0x562621e5e2d0 (13 bytes)
1745369764.904052 sending message 112 to peer 0x562621e5e2d0 (13 bytes)
1745369764.904058 sending message 112 to peer 0x562621e5e2d0 (13 bytes)
1745369764.904064 sending message 112 to peer 0x562621e5e2d0 (13 bytes)
1745369764.904069 sending message 112 to peer 0x562621e5e2d0 (13 bytes)
1745369764.904075 sending message 112 to peer 0x562621e5e2d0 (10 bytes)
1745369764.904081 sending message 112 to peer 0x562621e5e2d0 (9 bytes)
1745369764.904087 sending message 112 to peer 0x562621e5e2d0 (12 bytes)
1745369764.904093 sending message 112 to peer 0x562621e5e2d0 (13 bytes)
1745369764.904099 sending message 112 to peer 0x562621e5e2d0 (13 bytes)
1745369764.904111 sending message 112 to peer 0x562621e5e2d0 (13 bytes)
1745369764.904121 sending message 112 to peer 0x562621e5e2d0 (13 bytes)
1745369764.904127 sending message 112 to peer 0x562621e5e2d0 (13 bytes)
1745369764.904133 sending message 112 to peer 0x562621e5e2d0 (9 bytes)
1745369764.904138 sending message 112 to peer 0x562621e5e2d0 (12 bytes)
1745369764.904144 sending message 112 to peer 0x562621e5e2d0 (13 bytes)
1745369764.904150 sending message 112 to peer 0x562621e5e2d0 (13 bytes)
1745369764.904156 sending message 112 to peer 0x562621e5e2d0 (13 bytes)
1745369764.904162 sending message 112 to peer 0x562621e5e2d0 (13 bytes)
1745369764.904168 sending message 112 to peer 0x562621e5e2d0 (13 bytes)
1745369764.904174 sending message 112 to peer 0x562621e5e2d0 (11 bytes)
1745369764.904180 sending message 112 to peer 0x562621e5e2d0 (12 bytes)
1745369764.904186 sending message 112 to peer 0x562621e5e2d0 (13 bytes)
1745369764.904191 sending message 112 to peer 0x562621e5e2d0 (13 bytes)
1745369764.904197 sending message 112 to peer 0x562621e5e2d0 (13 bytes)
1745369764.904203 sending message 112 to peer 0x562621e5e2d0 (13 bytes)
1745369764.904209 sending message 112 to peer 0x562621e5e2d0 (13 bytes)
1745369764.904216 sending message 112 to peer 0x562621e5e2d0 (11 bytes)
1745369764.904222 sending message 112 to peer 0x562621e5e2d0 (12 bytes)
1745369764.904228 sending message 112 to peer 0x562621e5e2d0 (12 bytes)
1745369764.904235 sending message 112 to peer 0x562621e5e2d0 (12 bytes)
1745369764.904242 sending message 112 to peer 0x562621e5e2d0 (12 bytes)
1745369764.904248 sending message 112 to peer 0x562621e5e2d0 (12 bytes)
1745369764.904255 sending message 112 to peer 0x562621e5e2d0 (21 bytes)
1745369764.904261 sending message 112 to peer 0x562621e5e2d0 (12 bytes)
1745369764.904267 sending message 112 to peer 0x562621e5e2d0 (9 bytes)
1745369764.904274 sending message 112 to peer 0x562621e5e2d0 (6 bytes)
1745369764.904281 sending message 112 to peer 0x562621e5e2d0 (13 bytes)
1745369764.904288 sending message 112 to peer 0x562621e5e2d0 (10 bytes)
1745369764.904294 sending message 112 to peer 0x562621e5e2d0 (24 bytes)
1745369764.904301 sending message 112 to peer 0x562621e5e2d0 (13 bytes)
1745369764.904307 sending message 112 to peer 0x562621e5e2d0 (9 bytes)
1745369764.904313 sending message 112 to peer 0x562621e5e2d0 (70 bytes)
1745369764.904320 sending message 112 to peer 0x562621e5e2d0 (69 bytes)
1745369764.904329 sending message 112 to peer 0x562621e5e2d0 (12 bytes)
1745369764.904336 sending message 112 to peer 0x562621e5e2d0 (10 bytes)
1745369764.904343 sending message 112 to peer 0x562621e5e2d0 (10 bytes)
1745369764.904350 sending message 112 to peer 0x562621e5e2d0 (24 bytes)
1745369764.904357 sending message 112 to peer 0x562621e5e2d0 (13 bytes)
1745369764.904363 sending message 112 to peer 0x562621e5e2d0 (10 bytes)
1745369764.904370 sending message 112 to peer 0x562621e5e2d0 (10 bytes)
1745369764.904376 sending message 112 to peer 0x562621e5e2d0 (10 bytes)
1745369764.904382 sending message 112 to peer 0x562621e5e2d0 (13 bytes)
1745369764.904389 sending message 112 to peer 0x562621e5e2d0 (15 bytes)
1745369764.904395 sending message 112 to peer 0x562621e5e2d0 (5 bytes)
1745369764.904402 sending message 104 to peer 0x562621e5e2d0 (0 bytes)
1745369764.904409 sending message 110 to peer 0x562621e5e2d0 (0 bytes)
1745369764.904417 sending message 107 to peer 0x562621e5e2d0 (4 bytes)
1745369764.904423 sending message 105 to peer 0x562621e5e2d0 (16 bytes)
1745369764.904429 sending message 105 to peer 0x562621e5e2d0 (80 bytes)
1745369764.904435 sending message 105 to peer 0x562621e5e2d0 (20 bytes)
1745369764.904442 sending message 105 to peer 0x562621e5e2d0 (68 bytes)
1745369764.904448 sending message 105 to peer 0x562621e5e2d0 (23 bytes)
1745369764.904454 sending message 105 to peer 0x562621e5e2d0 (23 bytes)
1745369764.904460 sending message 105 to peer 0x562621e5e2d0 (48 bytes)
1745369764.904466 sending message 105 to peer 0x562621e5e2d0 (22 bytes)
1745369764.904472 sending message 105 to peer 0x562621e5e2d0 (14 bytes)
1745369764.904483 sending message 105 to peer 0x562621e5e2d0 (41 bytes)
1745369764.904493 sending message 105 to peer 0x562621e5e2d0 (51 bytes)
1745369764.904499 sending message 105 to peer 0x562621e5e2d0 (20 bytes)
1745369764.904505 sending message 105 to peer 0x562621e5e2d0 (22 bytes)
1745369764.904512 sending message 105 to peer 0x562621e5e2d0 (19 bytes)
1745369764.904518 sending message 105 to peer 0x562621e5e2d0 (21 bytes)
1745369764.904524 sending message 105 to peer 0x562621e5e2d0 (36 bytes)
1745369764.904530 sending message 105 to peer 0x562621e5e2d0 (26 bytes)
1745369764.904536 sending message 105 to peer 0x562621e5e2d0 (21 bytes)
1745369764.904542 sending message 105 to peer 0x562621e5e2d0 (25 bytes)
1745369764.904548 sending message 105 to peer 0x562621e5e2d0 (23 bytes)
1745369764.904554 sending message 105 to peer 0x562621e5e2d0 (54 bytes)
1745369764.904561 sending message 105 to peer 0x562621e5e2d0 (21 bytes)
1745369764.904567 sending message 105 to peer 0x562621e5e2d0 (24 bytes)
1745369764.904574 sending message 105 to peer 0x562621e5e2d0 (22 bytes)
1745369764.904580 sending message 105 to peer 0x562621e5e2d0 (17 bytes)
1745369764.904587 sending message 105 to peer 0x562621e5e2d0 (1911 bytes)
1745369764.904608 sending message 105 to peer 0x562621e5e2d0 (26 bytes)
1745369764.904613 sending message 105 to peer 0x562621e5e2d0 (145 bytes)
1745369764.904618 sending message 105 to peer 0x562621e5e2d0 (17 bytes)
1745369764.904622 sending message 105 to peer 0x562621e5e2d0 (26 bytes)
1745369764.904627 sending message 105 to peer 0x562621e5e2d0 (47 bytes)
1745369764.904631 sending message 105 to peer 0x562621e5e2d0 (16 bytes)
1745369764.904635 sending message 105 to peer 0x562621e5e2d0 (32 bytes)
1745369764.904640 sending message 105 to peer 0x562621e5e2d0 (73 bytes)
1745369764.904644 sending message 105 to peer 0x562621e5e2d0 (23 bytes)
1745369764.904648 sending message 105 to peer 0x562621e5e2d0 (23 bytes)
1745369764.904653 sending message 105 to peer 0x562621e5e2d0 (20 bytes)
1745369764.904657 sending message 105 to peer 0x562621e5e2d0 (35 bytes)
1745369764.904662 sending message 105 to peer 0x562621e5e2d0 (18 bytes)
1745369764.904666 sending message 105 to peer 0x562621e5e2d0 (11 bytes)
1745369764.904671 sending message 105 to peer 0x562621e5e2d0 (8 bytes)
1745369764.904675 sending message 105 to peer 0x562621e5e2d0 (14 bytes)
1745369764.904679 sending message 105 to peer 0x562621e5e2d0 (18 bytes)
1745369764.904684 sending message 105 to peer 0x562621e5e2d0 (31 bytes)
1745369764.904688 sending message 105 to peer 0x562621e5e2d0 (55 bytes)
1745369764.904692 sending message 105 to peer 0x562621e5e2d0 (40 bytes)
1745369764.904697 sending message 105 to peer 0x562621e5e2d0 (24 bytes)
1745369764.904701 sending message 105 to peer 0x562621e5e2d0 (129 bytes)
1745369764.904706 sending message 105 to peer 0x562621e5e2d0 (149 bytes)
1745369764.904710 sending message 105 to peer 0x562621e5e2d0 (17 bytes)
1745369764.904715 sending message 105 to peer 0x562621e5e2d0 (54 bytes)
1745369764.904719 sending message 105 to peer 0x562621e5e2d0 (59 bytes)
1745369764.904724 sending message 105 to peer 0x562621e5e2d0 (34 bytes)
1745369764.904728 sending message 105 to peer 0x562621e5e2d0 (20 bytes)
1745369764.904732 sending message 105 to peer 0x562621e5e2d0 (37 bytes)
1745369764.904737 sending message 105 to peer 0x562621e5e2d0 (23 bytes)
1745369764.904741 sending message 105 to peer 0x562621e5e2d0 (16 bytes)
1745369764.904745 sending message 105 to peer 0x562621e5e2d0 (26 bytes)
1745369764.904750 sending message 106 to peer 0x562621e5e2d0 (0 bytes)
1745369764.904800 sending message 200 to peer 0x562621e5e2d0 (4 bytes)
1745369764.904806 client loop enter
1745369764.904823 client_signal: Child exited
1745369764.958017 peer 0x562621e5e2d0 message 207
1745369764.958032 sending message 208 to peer 0x562621e5e2d0 (0 bytes)
1745369764.960309 peer 0x562621e5e2d0 message 203
1745369764.960318 sending message 205 to peer 0x562621e5e2d0 (0 bytes)
1745369764.960552 peer 0x562621e5e2d0 message 204
1745369764.960560 client loop exit
